{"/Users/vini/Dev/test/todo-list-mobile/index.js": {"path": "/Users/vini/Dev/test/todo-list-mobile/index.js", "statementMap": {"0": {"start": {"line": 1, "column": 0}, "end": {"line": 1, "column": 28}}, "1": {"start": {"line": 2, "column": 0}, "end": {"line": 2, "column": 26}}, "2": {"start": {"line": 3, "column": 0}, "end": {"line": 3, "column": 28}}}, "fnMap": {}, "branchMap": {}, "s": {"0": 1, "1": 1, "2": 1}, "f": {}, "b": {}, "_coverageSchema": "332fd63041d2c1bcb487cc26dd0d5f7d97098a6c", "hash": "ab2c6cf688ffa07c18089b8990bee4417d967a71"}, "/Users/vini/Dev/test/todo-list-mobile/app/index.js": {"path": "/Users/vini/Dev/test/todo-list-mobile/app/index.js", "statementMap": {"0": {"start": {"line": 9, "column": 0}, "end": {"line": 13, "column": 42}}}, "fnMap": {}, "branchMap": {}, "s": {"0": 1}, "f": {}, "b": {}, "_coverageSchema": "332fd63041d2c1bcb487cc26dd0d5f7d97098a6c", "hash": "a78a4893552b2a810d15486cfb7477661107d65f"}, "/Users/vini/Dev/test/todo-list-mobile/app/reducer/index.js": {"path": "/Users/vini/Dev/test/todo-list-mobile/app/reducer/index.js", "statementMap": {"0": {"start": {"line": 7, "column": 15}, "end": {"line": 7, "column": 29}}, "1": {"start": {"line": 8, "column": 14}, "end": {"line": 12, "column": 1}}, "2": {"start": {"line": 10, "column": 63}, "end": {"line": 10, "column": 64}}}, "fnMap": {"0": {"name": "(anonymous_0)", "decl": {"start": {"line": 10, "column": 58}, "end": {"line": 10, "column": 59}}, "loc": {"start": {"line": 10, "column": 63}, "end": {"line": 10, "column": 64}}, "line": 10}}, "branchMap": {"0": {"loc": {"start": {"line": 10, "column": 2}, "end": {"line": 10, "column": 64}}, "type": "cond-expr", "locations": [{"start": {"line": 10, "column": 29}, "end": {"line": 10, "column": 55}}, {"start": {"line": 10, "column": 58}, "end": {"line": 10, "column": 64}}], "line": 10}}, "s": {"0": 1, "1": 1, "2": 1}, "f": {"0": 1}, "b": {"0": [0, 1]}, "_coverageSchema": "332fd63041d2c1bcb487cc26dd0d5f7d97098a6c", "hash": "7510fd51feec9ad4d22ea4c1271ac5e2918edbc1"}, "/Users/vini/Dev/test/todo-list-mobile/app/reducer/items.js": {"path": "/Users/vini/Dev/test/todo-list-mobile/app/reducer/items.js", "statementMap": {"0": {"start": {"line": 4, "column": 4}, "end": {"line": 7, "column": 5}}, "1": {"start": {"line": 11, "column": 4}, "end": {"line": 14, "column": 5}}, "2": {"start": {"line": 18, "column": 4}, "end": {"line": 21, "column": 5}}, "3": {"start": {"line": 25, "column": 4}, "end": {"line": 28, "column": 5}}, "4": {"start": {"line": 32, "column": 4}, "end": {"line": 35, "column": 5}}, "5": {"start": {"line": 39, "column": 4}, "end": {"line": 42, "column": 5}}, "6": {"start": {"line": 46, "column": 20}, "end": {"line": 82, "column": 1}}, "7": {"start": {"line": 84, "column": 16}, "end": {"line": 131, "column": 1}}, "8": {"start": {"line": 86, "column": 4}, "end": {"line": 86, "column": 67}}, "9": {"start": {"line": 86, "column": 34}, "end": {"line": 86, "column": 61}}, "10": {"start": {"line": 89, "column": 2}, "end": {"line": 94, "column": 3}}, "11": {"start": {"line": 90, "column": 4}, "end": {"line": 93, "column": 7}}, "12": {"start": {"line": 91, "column": 6}, "end": {"line": 91, "column": 45}}, "13": {"start": {"line": 92, "column": 6}, "end": {"line": 92, "column": 15}}, "14": {"start": {"line": 96, "column": 2}, "end": {"line": 98, "column": 3}}, "15": {"start": {"line": 97, "column": 4}, "end": {"line": 97, "column": 52}}, "16": {"start": {"line": 97, "column": 29}, "end": {"line": 97, "column": 50}}, "17": {"start": {"line": 101, "column": 2}, "end": {"line": 106, "column": 3}}, "18": {"start": {"line": 102, "column": 15}, "end": {"line": 102, "column": 29}}, "19": {"start": {"line": 103, "column": 4}, "end": {"line": 103, "column": 33}}, "20": {"start": {"line": 105, "column": 4}, "end": {"line": 105, "column": 32}}, "21": {"start": {"line": 108, "column": 2}, "end": {"line": 115, "column": 3}}, "22": {"start": {"line": 109, "column": 4}, "end": {"line": 114, "column": 7}}, "23": {"start": {"line": 110, "column": 6}, "end": {"line": 112, "column": 7}}, "24": {"start": {"line": 111, "column": 8}, "end": {"line": 111, "column": 39}}, "25": {"start": {"line": 113, "column": 6}, "end": {"line": 113, "column": 15}}, "26": {"start": {"line": 117, "column": 2}, "end": {"line": 124, "column": 3}}, "27": {"start": {"line": 118, "column": 4}, "end": {"line": 123, "column": 7}}, "28": {"start": {"line": 119, "column": 6}, "end": {"line": 121, "column": 7}}, "29": {"start": {"line": 120, "column": 8}, "end": {"line": 120, "column": 35}}, "30": {"start": {"line": 122, "column": 6}, "end": {"line": 122, "column": 15}}, "31": {"start": {"line": 126, "column": 2}, "end": {"line": 128, "column": 3}}, "32": {"start": {"line": 127, "column": 4}, "end": {"line": 127, "column": 57}}, "33": {"start": {"line": 127, "column": 29}, "end": {"line": 127, "column": 55}}, "34": {"start": {"line": 130, "column": 2}, "end": {"line": 130, "column": 15}}}, "fnMap": {"0": {"name": "(anonymous_0)", "decl": {"start": {"line": 3, "column": 2}, "end": {"line": 3, "column": 3}}, "loc": {"start": {"line": 3, "column": 47}, "end": {"line": 8, "column": 3}}, "line": 3}, "1": {"name": "(anonymous_1)", "decl": {"start": {"line": 10, "column": 2}, "end": {"line": 10, "column": 3}}, "loc": {"start": {"line": 10, "column": 42}, "end": {"line": 15, "column": 3}}, "line": 10}, "2": {"name": "(anonymous_2)", "decl": {"start": {"line": 17, "column": 2}, "end": {"line": 17, "column": 3}}, "loc": {"start": {"line": 17, "column": 32}, "end": {"line": 22, "column": 3}}, "line": 17}, "3": {"name": "(anonymous_3)", "decl": {"start": {"line": 24, "column": 2}, "end": {"line": 24, "column": 3}}, "loc": {"start": {"line": 24, "column": 32}, "end": {"line": 29, "column": 3}}, "line": 24}, "4": {"name": "(anonymous_4)", "decl": {"start": {"line": 31, "column": 2}, "end": {"line": 31, "column": 3}}, "loc": {"start": {"line": 31, "column": 37}, "end": {"line": 36, "column": 3}}, "line": 31}, "5": {"name": "(anonymous_5)", "decl": {"start": {"line": 38, "column": 2}, "end": {"line": 38, "column": 3}}, "loc": {"start": {"line": 38, "column": 27}, "end": {"line": 43, "column": 3}}, "line": 38}, "6": {"name": "(anonymous_6)", "decl": {"start": {"line": 84, "column": 16}, "end": {"line": 84, "column": 17}}, "loc": {"start": {"line": 84, "column": 54}, "end": {"line": 131, "column": 1}}, "line": 84}, "7": {"name": "lastId", "decl": {"start": {"line": 85, "column": 11}, "end": {"line": 85, "column": 17}}, "loc": {"start": {"line": 85, "column": 25}, "end": {"line": 87, "column": 3}}, "line": 85}, "8": {"name": "(anonymous_8)", "decl": {"start": {"line": 86, "column": 24}, "end": {"line": 86, "column": 25}}, "loc": {"start": {"line": 86, "column": 33}, "end": {"line": 86, "column": 63}}, "line": 86}, "9": {"name": "(anonymous_9)", "decl": {"start": {"line": 90, "column": 21}, "end": {"line": 90, "column": 22}}, "loc": {"start": {"line": 90, "column": 26}, "end": {"line": 93, "column": 5}}, "line": 90}, "10": {"name": "(anonymous_10)", "decl": {"start": {"line": 97, "column": 24}, "end": {"line": 97, "column": 25}}, "loc": {"start": {"line": 97, "column": 29}, "end": {"line": 97, "column": 50}}, "line": 97}, "11": {"name": "(anonymous_11)", "decl": {"start": {"line": 109, "column": 22}, "end": {"line": 109, "column": 23}}, "loc": {"start": {"line": 109, "column": 27}, "end": {"line": 114, "column": 5}}, "line": 109}, "12": {"name": "(anonymous_12)", "decl": {"start": {"line": 118, "column": 22}, "end": {"line": 118, "column": 23}}, "loc": {"start": {"line": 118, "column": 27}, "end": {"line": 123, "column": 5}}, "line": 118}, "13": {"name": "(anonymous_13)", "decl": {"start": {"line": 127, "column": 24}, "end": {"line": 127, "column": 25}}, "loc": {"start": {"line": 127, "column": 29}, "end": {"line": 127, "column": 55}}, "line": 127}}, "branchMap": {"0": {"loc": {"start": {"line": 3, "column": 18}, "end": {"line": 3, "column": 28}}, "type": "default-arg", "locations": [{"start": {"line": 3, "column": 26}, "end": {"line": 3, "column": 28}}], "line": 3}, "1": {"loc": {"start": {"line": 3, "column": 30}, "end": {"line": 3, "column": 45}}, "type": "default-arg", "locations": [{"start": {"line": 3, "column": 40}, "end": {"line": 3, "column": 45}}], "line": 3}, "2": {"loc": {"start": {"line": 10, "column": 19}, "end": {"line": 10, "column": 28}}, "type": "default-arg", "locations": [{"start": {"line": 10, "column": 24}, "end": {"line": 10, "column": 28}}], "line": 10}, "3": {"loc": {"start": {"line": 10, "column": 30}, "end": {"line": 10, "column": 40}}, "type": "default-arg", "locations": [{"start": {"line": 10, "column": 38}, "end": {"line": 10, "column": 40}}], "line": 10}, "4": {"loc": {"start": {"line": 17, "column": 21}, "end": {"line": 17, "column": 30}}, "type": "default-arg", "locations": [{"start": {"line": 17, "column": 26}, "end": {"line": 17, "column": 30}}], "line": 17}, "5": {"loc": {"start": {"line": 24, "column": 21}, "end": {"line": 24, "column": 30}}, "type": "default-arg", "locations": [{"start": {"line": 24, "column": 26}, "end": {"line": 24, "column": 30}}], "line": 24}, "6": {"loc": {"start": {"line": 31, "column": 20}, "end": {"line": 31, "column": 35}}, "type": "default-arg", "locations": [{"start": {"line": 31, "column": 30}, "end": {"line": 31, "column": 35}}], "line": 31}, "7": {"loc": {"start": {"line": 84, "column": 25}, "end": {"line": 84, "column": 44}}, "type": "default-arg", "locations": [{"start": {"line": 84, "column": 33}, "end": {"line": 84, "column": 44}}], "line": 84}, "8": {"loc": {"start": {"line": 86, "column": 41}, "end": {"line": 86, "column": 60}}, "type": "cond-expr", "locations": [{"start": {"line": 86, "column": 52}, "end": {"line": 86, "column": 56}}, {"start": {"line": 86, "column": 59}, "end": {"line": 86, "column": 60}}], "line": 86}, "9": {"loc": {"start": {"line": 89, "column": 2}, "end": {"line": 94, "column": 3}}, "type": "if", "locations": [{"start": {"line": 89, "column": 2}, "end": {"line": 94, "column": 3}}, {"start": {"line": 89, "column": 2}, "end": {"line": 94, "column": 3}}], "line": 89}, "10": {"loc": {"start": {"line": 96, "column": 2}, "end": {"line": 98, "column": 3}}, "type": "if", "locations": [{"start": {"line": 96, "column": 2}, "end": {"line": 98, "column": 3}}, {"start": {"line": 96, "column": 2}, "end": {"line": 98, "column": 3}}], "line": 96}, "11": {"loc": {"start": {"line": 101, "column": 2}, "end": {"line": 106, "column": 3}}, "type": "if", "locations": [{"start": {"line": 101, "column": 2}, "end": {"line": 106, "column": 3}}, {"start": {"line": 101, "column": 2}, "end": {"line": 106, "column": 3}}], "line": 101}, "12": {"loc": {"start": {"line": 108, "column": 2}, "end": {"line": 115, "column": 3}}, "type": "if", "locations": [{"start": {"line": 108, "column": 2}, "end": {"line": 115, "column": 3}}, {"start": {"line": 108, "column": 2}, "end": {"line": 115, "column": 3}}], "line": 108}, "13": {"loc": {"start": {"line": 110, "column": 6}, "end": {"line": 112, "column": 7}}, "type": "if", "locations": [{"start": {"line": 110, "column": 6}, "end": {"line": 112, "column": 7}}, {"start": {"line": 110, "column": 6}, "end": {"line": 112, "column": 7}}], "line": 110}, "14": {"loc": {"start": {"line": 117, "column": 2}, "end": {"line": 124, "column": 3}}, "type": "if", "locations": [{"start": {"line": 117, "column": 2}, "end": {"line": 124, "column": 3}}, {"start": {"line": 117, "column": 2}, "end": {"line": 124, "column": 3}}], "line": 117}, "15": {"loc": {"start": {"line": 119, "column": 6}, "end": {"line": 121, "column": 7}}, "type": "if", "locations": [{"start": {"line": 119, "column": 6}, "end": {"line": 121, "column": 7}}, {"start": {"line": 119, "column": 6}, "end": {"line": 121, "column": 7}}], "line": 119}, "16": {"loc": {"start": {"line": 126, "column": 2}, "end": {"line": 128, "column": 3}}, "type": "if", "locations": [{"start": {"line": 126, "column": 2}, "end": {"line": 128, "column": 3}}, {"start": {"line": 126, "column": 2}, "end": {"line": 128, "column": 3}}], "line": 126}}, "s": {"0": 0, "1": 0, "2": 0, "3": 0, "4": 0, "5": 0, "6": 1, "7": 1, "8": 0, "9": 0, "10": 1, "11": 0, "12": 0, "13": 0, "14": 1, "15": 0, "16": 0, "17": 1, "18": 0, "19": 0, "20": 0, "21": 1, "22": 0, "23": 0, "24": 0, "25": 0, "26": 1, "27": 0, "28": 0, "29": 0, "30": 0, "31": 1, "32": 0, "33": 0, "34": 1}, "f": {"0": 0, "1": 0, "2": 0, "3": 0, "4": 0, "5": 0, "6": 1, "7": 0, "8": 0, "9": 0, "10": 0, "11": 0, "12": 0, "13": 0}, "b": {"0": [0], "1": [0], "2": [0], "3": [0], "4": [0], "5": [0], "6": [0], "7": [1], "8": [0, 0], "9": [0, 1], "10": [0, 1], "11": [0, 1], "12": [0, 1], "13": [0, 0], "14": [0, 1], "15": [0, 0], "16": [0, 1]}, "_coverageSchema": "332fd63041d2c1bcb487cc26dd0d5f7d97098a6c", "hash": "dba70a3dc1b6ee9e59b7dd3215e4592fe48ff00a"}, "/Users/vini/Dev/test/todo-list-mobile/app/component/Application.js": {"path": "/Users/vini/Dev/test/todo-list-mobile/app/component/Application.js", "statementMap": {"0": {"start": {"line": 10, "column": 4}, "end": {"line": 19, "column": 5}}, "1": {"start": {"line": 24, "column": 35}, "end": {"line": 24, "column": 42}}}, "fnMap": {"0": {"name": "(anonymous_0)", "decl": {"start": {"line": 9, "column": 2}, "end": {"line": 9, "column": 3}}, "loc": {"start": {"line": 9, "column": 11}, "end": {"line": 20, "column": 3}}, "line": 9}, "1": {"name": "(anonymous_1)", "decl": {"start": {"line": 24, "column": 23}, "end": {"line": 24, "column": 24}}, "loc": {"start": {"line": 24, "column": 35}, "end": {"line": 24, "column": 42}}, "line": 24}}, "branchMap": {}, "s": {"0": 1, "1": 1}, "f": {"0": 1, "1": 1}, "b": {}, "_coverageSchema": "332fd63041d2c1bcb487cc26dd0d5f7d97098a6c", "hash": "caa8ed726bfae1520f923277f65d8dc8208d0777"}, "/Users/vini/Dev/test/todo-list-mobile/app/component/MobileNav.js": {"path": "/Users/vini/Dev/test/todo-list-mobile/app/component/MobileNav.js", "statementMap": {"0": {"start": {"line": 5, "column": 15}, "end": {"line": 5, "column": 19}}, "1": {"start": {"line": 9, "column": 4}, "end": {"line": 9, "column": 12}}, "2": {"start": {"line": 10, "column": 4}, "end": {"line": 10, "column": 36}}, "3": {"start": {"line": 14, "column": 15}, "end": {"line": 14, "column": 25}}, "4": {"start": {"line": 15, "column": 15}, "end": {"line": 15, "column": 35}}, "5": {"start": {"line": 16, "column": 15}, "end": {"line": 16, "column": 38}}, "6": {"start": {"line": 17, "column": 16}, "end": {"line": 17, "column": 55}}, "7": {"start": {"line": 19, "column": 4}, "end": {"line": 21, "column": 7}}, "8": {"start": {"line": 25, "column": 4}, "end": {"line": 25, "column": 28}}, "9": {"start": {"line": 26, "column": 4}, "end": {"line": 26, "column": 22}}, "10": {"start": {"line": 27, "column": 4}, "end": {"line": 27, "column": 61}}, "11": {"start": {"line": 31, "column": 4}, "end": {"line": 51, "column": 5}}}, "fnMap": {"0": {"name": "(anonymous_0)", "decl": {"start": {"line": 8, "column": 2}, "end": {"line": 8, "column": 3}}, "loc": {"start": {"line": 8, "column": 16}, "end": {"line": 11, "column": 3}}, "line": 8}, "1": {"name": "(anonymous_1)", "decl": {"start": {"line": 13, "column": 2}, "end": {"line": 13, "column": 3}}, "loc": {"start": {"line": 13, "column": 15}, "end": {"line": 22, "column": 3}}, "line": 13}, "2": {"name": "(anonymous_2)", "decl": {"start": {"line": 24, "column": 2}, "end": {"line": 24, "column": 3}}, "loc": {"start": {"line": 24, "column": 22}, "end": {"line": 28, "column": 3}}, "line": 24}, "3": {"name": "(anonymous_3)", "decl": {"start": {"line": 30, "column": 2}, "end": {"line": 30, "column": 3}}, "loc": {"start": {"line": 30, "column": 11}, "end": {"line": 52, "column": 3}}, "line": 30}}, "branchMap": {"0": {"loc": {"start": {"line": 17, "column": 16}, "end": {"line": 17, "column": 55}}, "type": "cond-expr", "locations": [{"start": {"line": 17, "column": 46}, "end": {"line": 17, "column": 49}}, {"start": {"line": 17, "column": 52}, "end": {"line": 17, "column": 55}}], "line": 17}}, "s": {"0": 1, "1": 1, "2": 1, "3": 1233, "4": 1233, "5": 1233, "6": 1233, "7": 1233, "8": 1, "9": 1, "10": 1, "11": 1234}, "f": {"0": 1, "1": 1233, "2": 1, "3": 1234}, "b": {"0": [614, 619]}, "_coverageSchema": "332fd63041d2c1bcb487cc26dd0d5f7d97098a6c", "hash": "30f279427071cf04e9b813264daa77f95b81b85a"}, "/Users/vini/Dev/test/todo-list-mobile/app/utils/pad.js": {"path": "/Users/vini/Dev/test/todo-list-mobile/app/utils/pad.js", "statementMap": {"0": {"start": {"line": 2, "column": 2}, "end": {"line": 2, "column": 30}}}, "fnMap": {"0": {"name": "(anonymous_0)", "decl": {"start": {"line": 1, "column": 15}, "end": {"line": 1, "column": 16}}, "loc": {"start": {"line": 1, "column": 27}, "end": {"line": 3, "column": 1}}, "line": 1}}, "branchMap": {"0": {"loc": {"start": {"line": 2, "column": 9}, "end": {"line": 2, "column": 29}}, "type": "cond-expr", "locations": [{"start": {"line": 2, "column": 18}, "end": {"line": 2, "column": 25}}, {"start": {"line": 2, "column": 28}, "end": {"line": 2, "column": 29}}], "line": 2}}, "s": {"0": 2466}, "f": {"0": 2466}, "b": {"0": [0, 2466]}, "_coverageSchema": "332fd63041d2c1bcb487cc26dd0d5f7d97098a6c", "hash": "e9574e9f8bd91308bd5b5a5146dff67bb44ea69c"}, "/Users/vini/Dev/test/todo-list-mobile/app/component/ItemsList.js": {"path": "/Users/vini/Dev/test/todo-list-mobile/app/component/ItemsList.js", "statementMap": {"0": {"start": {"line": 14, "column": 4}, "end": {"line": 14, "column": 12}}, "1": {"start": {"line": 15, "column": 4}, "end": {"line": 24, "column": 5}}, "2": {"start": {"line": 25, "column": 4}, "end": {"line": 37, "column": 5}}, "3": {"start": {"line": 38, "column": 4}, "end": {"line": 43, "column": 5}}, "4": {"start": {"line": 47, "column": 4}, "end": {"line": 49, "column": 5}}, "5": {"start": {"line": 48, "column": 6}, "end": {"line": 48, "column": 14}}, "6": {"start": {"line": 50, "column": 4}, "end": {"line": 52, "column": 7}}, "7": {"start": {"line": 56, "column": 4}, "end": {"line": 57, "column": 46}}, "8": {"start": {"line": 57, "column": 16}, "end": {"line": 57, "column": 44}}, "9": {"start": {"line": 58, "column": 14}, "end": {"line": 58, "column": 76}}, "10": {"start": {"line": 60, "column": 4}, "end": {"line": 62, "column": 5}}, "11": {"start": {"line": 61, "column": 6}, "end": {"line": 61, "column": 34}}, "12": {"start": {"line": 64, "column": 4}, "end": {"line": 64, "column": 29}}, "13": {"start": {"line": 68, "column": 4}, "end": {"line": 70, "column": 7}}, "14": {"start": {"line": 74, "column": 4}, "end": {"line": 74, "column": 55}}, "15": {"start": {"line": 75, "column": 4}, "end": {"line": 75, "column": 45}}, "16": {"start": {"line": 79, "column": 4}, "end": {"line": 79, "column": 51}}, "17": {"start": {"line": 83, "column": 4}, "end": {"line": 83, "column": 49}}, "18": {"start": {"line": 87, "column": 4}, "end": {"line": 89, "column": 7}}, "19": {"start": {"line": 91, "column": 4}, "end": {"line": 95, "column": 11}}, "20": {"start": {"line": 92, "column": 6}, "end": {"line": 94, "column": 7}}, "21": {"start": {"line": 93, "column": 8}, "end": {"line": 93, "column": 47}}, "22": {"start": {"line": 99, "column": 18}, "end": {"line": 99, "column": 36}}, "23": {"start": {"line": 100, "column": 4}, "end": {"line": 100, "column": 57}}, "24": {"start": {"line": 102, "column": 4}, "end": {"line": 116, "column": 5}}, "25": {"start": {"line": 120, "column": 21}, "end": {"line": 120, "column": 57}}, "26": {"start": {"line": 121, "column": 26}, "end": {"line": 121, "column": 67}}, "27": {"start": {"line": 122, "column": 28}, "end": {"line": 122, "column": 71}}, "28": {"start": {"line": 124, "column": 4}, "end": {"line": 128, "column": 6}}, "29": {"start": {"line": 132, "column": 4}, "end": {"line": 134, "column": 5}}, "30": {"start": {"line": 133, "column": 6}, "end": {"line": 133, "column": 41}}, "31": {"start": {"line": 133, "column": 28}, "end": {"line": 133, "column": 39}}, "32": {"start": {"line": 138, "column": 24}, "end": {"line": 138, "column": 51}}, "33": {"start": {"line": 139, "column": 16}, "end": {"line": 143, "column": 5}}, "34": {"start": {"line": 141, "column": 48}, "end": {"line": 141, "column": 68}}, "35": {"start": {"line": 142, "column": 48}, "end": {"line": 142, "column": 69}}, "36": {"start": {"line": 145, "column": 4}, "end": {"line": 147, "column": 5}}, "37": {"start": {"line": 146, "column": 6}, "end": {"line": 146, "column": 50}}, "38": {"start": {"line": 149, "column": 4}, "end": {"line": 151, "column": 5}}, "39": {"start": {"line": 150, "column": 6}, "end": {"line": 150, "column": 53}}, "40": {"start": {"line": 153, "column": 4}, "end": {"line": 155, "column": 5}}, "41": {"start": {"line": 154, "column": 6}, "end": {"line": 154, "column": 36}}, "42": {"start": {"line": 157, "column": 4}, "end": {"line": 225, "column": 5}}, "43": {"start": {"line": 229, "column": 33}, "end": {"line": 229, "column": 40}}}, "fnMap": {"0": {"name": "(anonymous_0)", "decl": {"start": {"line": 13, "column": 2}, "end": {"line": 13, "column": 3}}, "loc": {"start": {"line": 13, "column": 16}, "end": {"line": 44, "column": 3}}, "line": 13}, "1": {"name": "(anonymous_1)", "decl": {"start": {"line": 46, "column": 2}, "end": {"line": 46, "column": 3}}, "loc": {"start": {"line": 46, "column": 13}, "end": {"line": 53, "column": 3}}, "line": 46}, "2": {"name": "(anonymous_2)", "decl": {"start": {"line": 55, "column": 2}, "end": {"line": 55, "column": 3}}, "loc": {"start": {"line": 55, "column": 17}, "end": {"line": 65, "column": 3}}, "line": 55}, "3": {"name": "(anonymous_3)", "decl": {"start": {"line": 57, "column": 9}, "end": {"line": 57, "column": 10}}, "loc": {"start": {"line": 57, "column": 16}, "end": {"line": 57, "column": 44}}, "line": 57}, "4": {"name": "(anonymous_4)", "decl": {"start": {"line": 67, "column": 2}, "end": {"line": 67, "column": 3}}, "loc": {"start": {"line": 67, "column": 17}, "end": {"line": 71, "column": 3}}, "line": 67}, "5": {"name": "(anonymous_5)", "decl": {"start": {"line": 73, "column": 2}, "end": {"line": 73, "column": 3}}, "loc": {"start": {"line": 73, "column": 23}, "end": {"line": 76, "column": 3}}, "line": 73}, "6": {"name": "(anonymous_6)", "decl": {"start": {"line": 78, "column": 2}, "end": {"line": 78, "column": 3}}, "loc": {"start": {"line": 78, "column": 19}, "end": {"line": 80, "column": 3}}, "line": 78}, "7": {"name": "(anonymous_7)", "decl": {"start": {"line": 82, "column": 2}, "end": {"line": 82, "column": 3}}, "loc": {"start": {"line": 82, "column": 17}, "end": {"line": 84, "column": 3}}, "line": 82}, "8": {"name": "(anonymous_8)", "decl": {"start": {"line": 86, "column": 2}, "end": {"line": 86, "column": 3}}, "loc": {"start": {"line": 86, "column": 17}, "end": {"line": 96, "column": 3}}, "line": 86}, "9": {"name": "(anonymous_9)", "decl": {"start": {"line": 91, "column": 15}, "end": {"line": 91, "column": 16}}, "loc": {"start": {"line": 91, "column": 21}, "end": {"line": 95, "column": 5}}, "line": 91}, "10": {"name": "(anonymous_10)", "decl": {"start": {"line": 98, "column": 2}, "end": {"line": 98, "column": 3}}, "loc": {"start": {"line": 98, "column": 20}, "end": {"line": 117, "column": 3}}, "line": 98}, "11": {"name": "(anonymous_11)", "decl": {"start": {"line": 119, "column": 2}, "end": {"line": 119, "column": 3}}, "loc": {"start": {"line": 119, "column": 22}, "end": {"line": 129, "column": 3}}, "line": 119}, "12": {"name": "(anonymous_12)", "decl": {"start": {"line": 131, "column": 2}, "end": {"line": 131, "column": 3}}, "loc": {"start": {"line": 131, "column": 23}, "end": {"line": 135, "column": 3}}, "line": 131}, "13": {"name": "(anonymous_13)", "decl": {"start": {"line": 133, "column": 23}, "end": {"line": 133, "column": 24}}, "loc": {"start": {"line": 133, "column": 28}, "end": {"line": 133, "column": 39}}, "line": 133}, "14": {"name": "(anonymous_14)", "decl": {"start": {"line": 137, "column": 2}, "end": {"line": 137, "column": 3}}, "loc": {"start": {"line": 137, "column": 11}, "end": {"line": 226, "column": 3}}, "line": 137}, "15": {"name": "(anonymous_15)", "decl": {"start": {"line": 141, "column": 43}, "end": {"line": 141, "column": 44}}, "loc": {"start": {"line": 141, "column": 48}, "end": {"line": 141, "column": 68}}, "line": 141}, "16": {"name": "(anonymous_16)", "decl": {"start": {"line": 142, "column": 43}, "end": {"line": 142, "column": 44}}, "loc": {"start": {"line": 142, "column": 48}, "end": {"line": 142, "column": 69}}, "line": 142}, "17": {"name": "(anonymous_17)", "decl": {"start": {"line": 229, "column": 23}, "end": {"line": 229, "column": 24}}, "loc": {"start": {"line": 229, "column": 33}, "end": {"line": 229, "column": 40}}, "line": 229}}, "branchMap": {"0": {"loc": {"start": {"line": 47, "column": 4}, "end": {"line": 49, "column": 5}}, "type": "if", "locations": [{"start": {"line": 47, "column": 4}, "end": {"line": 49, "column": 5}}, {"start": {"line": 47, "column": 4}, "end": {"line": 49, "column": 5}}], "line": 47}, "1": {"loc": {"start": {"line": 60, "column": 4}, "end": {"line": 62, "column": 5}}, "type": "if", "locations": [{"start": {"line": 60, "column": 4}, "end": {"line": 62, "column": 5}}, {"start": {"line": 60, "column": 4}, "end": {"line": 62, "column": 5}}], "line": 60}, "2": {"loc": {"start": {"line": 92, "column": 6}, "end": {"line": 94, "column": 7}}, "type": "if", "locations": [{"start": {"line": 92, "column": 6}, "end": {"line": 94, "column": 7}}, {"start": {"line": 92, "column": 6}, "end": {"line": 94, "column": 7}}], "line": 92}, "3": {"loc": {"start": {"line": 92, "column": 10}, "end": {"line": 92, "column": 58}}, "type": "binary-expr", "locations": [{"start": {"line": 92, "column": 10}, "end": {"line": 92, "column": 30}}, {"start": {"line": 92, "column": 34}, "end": {"line": 92, "column": 58}}], "line": 92}, "4": {"loc": {"start": {"line": 100, "column": 15}, "end": {"line": 100, "column": 56}}, "type": "cond-expr", "locations": [{"start": {"line": 100, "column": 38}, "end": {"line": 100, "column": 50}}, {"start": {"line": 100, "column": 54}, "end": {"line": 100, "column": 56}}], "line": 100}, "5": {"loc": {"start": {"line": 106, "column": 10}, "end": {"line": 108, "column": 65}}, "type": "cond-expr", "locations": [{"start": {"line": 107, "column": 12}, "end": {"line": 107, "column": 71}}, {"start": {"line": 108, "column": 12}, "end": {"line": 108, "column": 65}}], "line": 106}, "6": {"loc": {"start": {"line": 132, "column": 4}, "end": {"line": 134, "column": 5}}, "type": "if", "locations": [{"start": {"line": 132, "column": 4}, "end": {"line": 134, "column": 5}}, {"start": {"line": 132, "column": 4}, "end": {"line": 134, "column": 5}}], "line": 132}, "7": {"loc": {"start": {"line": 145, "column": 4}, "end": {"line": 147, "column": 5}}, "type": "if", "locations": [{"start": {"line": 145, "column": 4}, "end": {"line": 147, "column": 5}}, {"start": {"line": 145, "column": 4}, "end": {"line": 147, "column": 5}}], "line": 145}, "8": {"loc": {"start": {"line": 149, "column": 4}, "end": {"line": 151, "column": 5}}, "type": "if", "locations": [{"start": {"line": 149, "column": 4}, "end": {"line": 151, "column": 5}}, {"start": {"line": 149, "column": 4}, "end": {"line": 151, "column": 5}}], "line": 149}, "9": {"loc": {"start": {"line": 153, "column": 4}, "end": {"line": 155, "column": 5}}, "type": "if", "locations": [{"start": {"line": 153, "column": 4}, "end": {"line": 155, "column": 5}}, {"start": {"line": 153, "column": 4}, "end": {"line": 155, "column": 5}}], "line": 153}, "10": {"loc": {"start": {"line": 161, "column": 20}, "end": {"line": 161, "column": 48}}, "type": "binary-expr", "locations": [{"start": {"line": 161, "column": 20}, "end": {"line": 161, "column": 43}}, {"start": {"line": 161, "column": 47}, "end": {"line": 161, "column": 48}}], "line": 161}, "11": {"loc": {"start": {"line": 170, "column": 9}, "end": {"line": 197, "column": 14}}, "type": "cond-expr", "locations": [{"start": {"line": 171, "column": 10}, "end": {"line": 185, "column": 16}}, {"start": {"line": 187, "column": 8}, "end": {"line": 197, "column": 14}}], "line": 170}, "12": {"loc": {"start": {"line": 172, "column": 13}, "end": {"line": 181, "column": 20}}, "type": "cond-expr", "locations": [{"start": {"line": 173, "column": 14}, "end": {"line": 176, "column": 20}}, {"start": {"line": 178, "column": 14}, "end": {"line": 181, "column": 20}}], "line": 172}}, "s": {"0": 1, "1": 1, "2": 1, "3": 1, "4": 0, "5": 0, "6": 0, "7": 0, "8": 0, "9": 0, "10": 0, "11": 0, "12": 0, "13": 0, "14": 0, "15": 0, "16": 0, "17": 0, "18": 0, "19": 0, "20": 0, "21": 0, "22": 14, "23": 14, "24": 14, "25": 1, "26": 1, "27": 1, "28": 1, "29": 0, "30": 0, "31": 0, "32": 1, "33": 1, "34": 7, "35": 7, "36": 1, "37": 0, "38": 1, "39": 0, "40": 1, "41": 0, "42": 1, "43": 1}, "f": {"0": 1, "1": 0, "2": 0, "3": 0, "4": 0, "5": 0, "6": 0, "7": 0, "8": 0, "9": 0, "10": 14, "11": 1, "12": 0, "13": 0, "14": 1, "15": 7, "16": 7, "17": 1}, "b": {"0": [0, 0], "1": [0, 0], "2": [0, 0], "3": [0, 0], "4": [4, 10], "5": [4, 10], "6": [0, 0], "7": [0, 1], "8": [0, 1], "9": [0, 1], "10": [1, 0], "11": [0, 1], "12": [0, 0]}, "_coverageSchema": "332fd63041d2c1bcb487cc26dd0d5f7d97098a6c", "hash": "599733502775e3006a42ec377807dda5d33f8ecc"}, "/Users/vini/Dev/test/todo-list-mobile/app/component/NewTodo.js": {"path": "/Users/vini/Dev/test/todo-list-mobile/app/component/NewTodo.js", "statementMap": {"0": {"start": {"line": 9, "column": 4}, "end": {"line": 9, "column": 12}}, "1": {"start": {"line": 10, "column": 4}, "end": {"line": 12, "column": 5}}, "2": {"start": {"line": 16, "column": 4}, "end": {"line": 18, "column": 5}}, "3": {"start": {"line": 17, "column": 6}, "end": {"line": 17, "column": 13}}, "4": {"start": {"line": 19, "column": 4}, "end": {"line": 21, "column": 7}}, "5": {"start": {"line": 25, "column": 16}, "end": {"line": 25, "column": 63}}, "6": {"start": {"line": 26, "column": 4}, "end": {"line": 29, "column": 5}}, "7": {"start": {"line": 27, "column": 6}, "end": {"line": 27, "column": 51}}, "8": {"start": {"line": 28, "column": 6}, "end": {"line": 28, "column": 31}}, "9": {"start": {"line": 33, "column": 4}, "end": {"line": 55, "column": 5}}, "10": {"start": {"line": 59, "column": 33}, "end": {"line": 59, "column": 40}}}, "fnMap": {"0": {"name": "(anonymous_0)", "decl": {"start": {"line": 8, "column": 2}, "end": {"line": 8, "column": 3}}, "loc": {"start": {"line": 8, "column": 16}, "end": {"line": 13, "column": 3}}, "line": 8}, "1": {"name": "(anonymous_1)", "decl": {"start": {"line": 15, "column": 2}, "end": {"line": 15, "column": 3}}, "loc": {"start": {"line": 15, "column": 20}, "end": {"line": 22, "column": 3}}, "line": 15}, "2": {"name": "(anonymous_2)", "decl": {"start": {"line": 24, "column": 2}, "end": {"line": 24, "column": 3}}, "loc": {"start": {"line": 24, "column": 15}, "end": {"line": 30, "column": 3}}, "line": 24}, "3": {"name": "(anonymous_3)", "decl": {"start": {"line": 32, "column": 2}, "end": {"line": 32, "column": 3}}, "loc": {"start": {"line": 32, "column": 11}, "end": {"line": 56, "column": 3}}, "line": 32}, "4": {"name": "(anonymous_4)", "decl": {"start": {"line": 59, "column": 23}, "end": {"line": 59, "column": 24}}, "loc": {"start": {"line": 59, "column": 33}, "end": {"line": 59, "column": 40}}, "line": 59}}, "branchMap": {"0": {"loc": {"start": {"line": 16, "column": 4}, "end": {"line": 18, "column": 5}}, "type": "if", "locations": [{"start": {"line": 16, "column": 4}, "end": {"line": 18, "column": 5}}, {"start": {"line": 16, "column": 4}, "end": {"line": 18, "column": 5}}], "line": 16}, "1": {"loc": {"start": {"line": 26, "column": 4}, "end": {"line": 29, "column": 5}}, "type": "if", "locations": [{"start": {"line": 26, "column": 4}, "end": {"line": 29, "column": 5}}, {"start": {"line": 26, "column": 4}, "end": {"line": 29, "column": 5}}], "line": 26}, "2": {"loc": {"start": {"line": 34, "column": 22}, "end": {"line": 34, "column": 92}}, "type": "cond-expr", "locations": [{"start": {"line": 34, "column": 53}, "end": {"line": 34, "column": 63}}, {"start": {"line": 34, "column": 66}, "end": {"line": 34, "column": 92}}], "line": 34}, "3": {"loc": {"start": {"line": 36, "column": 9}, "end": {"line": 52, "column": 14}}, "type": "cond-expr", "locations": [{"start": {"line": 37, "column": 8}, "end": {"line": 39, "column": 15}}, {"start": {"line": 41, "column": 8}, "end": {"line": 52, "column": 14}}], "line": 36}}, "s": {"0": 1, "1": 1, "2": 0, "3": 0, "4": 0, "5": 0, "6": 0, "7": 0, "8": 0, "9": 1, "10": 1}, "f": {"0": 1, "1": 0, "2": 0, "3": 1, "4": 1}, "b": {"0": [0, 0], "1": [0, 0], "2": [1, 0], "3": [1, 0]}, "_coverageSchema": "332fd63041d2c1bcb487cc26dd0d5f7d97098a6c", "hash": "2ebed97aabd252ff726f09f3a74321e8dc4690e1"}, "/Users/vini/Dev/test/todo-list-mobile/app/component/EditTodo.js": {"path": "/Users/vini/Dev/test/todo-list-mobile/app/component/EditTodo.js", "statementMap": {"0": {"start": {"line": 9, "column": 4}, "end": {"line": 9, "column": 33}}, "1": {"start": {"line": 13, "column": 4}, "end": {"line": 13, "column": 65}}, "2": {"start": {"line": 14, "column": 4}, "end": {"line": 14, "column": 25}}, "3": {"start": {"line": 18, "column": 16}, "end": {"line": 18, "column": 64}}, "4": {"start": {"line": 19, "column": 4}, "end": {"line": 22, "column": 5}}, "5": {"start": {"line": 20, "column": 6}, "end": {"line": 20, "column": 72}}, "6": {"start": {"line": 21, "column": 6}, "end": {"line": 21, "column": 27}}, "7": {"start": {"line": 27, "column": 6}, "end": {"line": 27, "column": 94}}, "8": {"start": {"line": 29, "column": 4}, "end": {"line": 53, "column": 5}}, "9": {"start": {"line": 57, "column": 33}, "end": {"line": 57, "column": 40}}}, "fnMap": {"0": {"name": "(anonymous_0)", "decl": {"start": {"line": 8, "column": 2}, "end": {"line": 8, "column": 3}}, "loc": {"start": {"line": 8, "column": 18}, "end": {"line": 10, "column": 3}}, "line": 8}, "1": {"name": "(anonymous_1)", "decl": {"start": {"line": 12, "column": 2}, "end": {"line": 12, "column": 3}}, "loc": {"start": {"line": 12, "column": 15}, "end": {"line": 15, "column": 3}}, "line": 12}, "2": {"name": "(anonymous_2)", "decl": {"start": {"line": 17, "column": 2}, "end": {"line": 17, "column": 3}}, "loc": {"start": {"line": 17, "column": 13}, "end": {"line": 23, "column": 3}}, "line": 17}, "3": {"name": "(anonymous_3)", "decl": {"start": {"line": 25, "column": 2}, "end": {"line": 25, "column": 3}}, "loc": {"start": {"line": 25, "column": 11}, "end": {"line": 54, "column": 3}}, "line": 25}, "4": {"name": "(anonymous_4)", "decl": {"start": {"line": 57, "column": 23}, "end": {"line": 57, "column": 24}}, "loc": {"start": {"line": 57, "column": 33}, "end": {"line": 57, "column": 40}}, "line": 57}}, "branchMap": {"0": {"loc": {"start": {"line": 19, "column": 4}, "end": {"line": 22, "column": 5}}, "type": "if", "locations": [{"start": {"line": 19, "column": 4}, "end": {"line": 22, "column": 5}}, {"start": {"line": 19, "column": 4}, "end": {"line": 22, "column": 5}}], "line": 19}, "1": {"loc": {"start": {"line": 27, "column": 6}, "end": {"line": 27, "column": 94}}, "type": "cond-expr", "locations": [{"start": {"line": 27, "column": 33}, "end": {"line": 27, "column": 53}}, {"start": {"line": 27, "column": 56}, "end": {"line": 27, "column": 94}}], "line": 27}, "2": {"loc": {"start": {"line": 31, "column": 8}, "end": {"line": 50, "column": 14}}, "type": "cond-expr", "locations": [{"start": {"line": 31, "column": 35}, "end": {"line": 31, "column": 37}}, {"start": {"line": 32, "column": 8}, "end": {"line": 50, "column": 14}}], "line": 31}}, "s": {"0": 0, "1": 0, "2": 0, "3": 0, "4": 0, "5": 0, "6": 0, "7": 1, "8": 1, "9": 1}, "f": {"0": 0, "1": 0, "2": 0, "3": 1, "4": 1}, "b": {"0": [0, 0], "1": [1, 0], "2": [1, 0]}, "_coverageSchema": "332fd63041d2c1bcb487cc26dd0d5f7d97098a6c", "hash": "9dddff61b6e169c9ddf3677cf5e771ac19911c48"}}